<?xml version="1.0" encoding="UTF-8"?>
<!-- Generated by org.testng.reporters.JUnitReportReporter -->
<testsuite skipped="0" hostname="DESKTOP-6N6V1TO" name="com.selenium.test.Test01" tests="1" failures="0" timestamp="16 oct 2018 00:26:20 GMT" time="50.806" errors="0">
  <testcase name="PrimeraCompra" time="50.806" classname="com.selenium.test.Test01"/>
</testsuite> <!-- com.selenium.test.Test01 -->
